<?xml version="1.0" encoding="UTF-8"?>
<!-- Generated by com.testlink.ListenerClass -->
<testsuite hostname="PTW-IT-MAC-025-2015s-iMac.local" name="com.testcases.TS_UIFunctionality" tests="2" failures="0" timestamp="18 Apr 2016 07:12:27 GMT" time="221.852" errors="0">
  <testcase name="uiFunctionality(ptwmobility@gmail.com,chrome,http://192.168.1.12:5566/wd/hub,MAC,Iseva123)" time="110.982" classname="com.testcases.TS_UIFunctionality"/>
  <testcase name="uiFunctionality(praveenptw@gmail.com,firefox,http://192.168.1.12:5566/wd/hub,MAC,Iseva123)" time="110.870" classname="com.testcases.TS_UIFunctionality"/>
</testsuite>
